c:\users\dolev telem\source\repos\militarysystem\militarysystem\x64\debug\vc145.pdb
c:\users\dolev telem\source\repos\militarysystem\militarysystem\x64\debug\vc145.idb
c:\users\dolev telem\source\repos\militarysystem\militarysystem\x64\debug\warehouse.obj
c:\users\dolev telem\source\repos\militarysystem\militarysystem\x64\debug\vehicle.obj
c:\users\dolev telem\source\repos\militarysystem\militarysystem\x64\debug\unit.obj
c:\users\dolev telem\source\repos\militarysystem\militarysystem\x64\debug\truck.obj
c:\users\dolev telem\source\repos\militarysystem\militarysystem\x64\debug\trainingmission.obj
c:\users\dolev telem\source\repos\militarysystem\militarysystem\x64\debug\soldier.obj
c:\users\dolev telem\source\repos\militarysystem\militarysystem\x64\debug\report.obj
c:\users\dolev telem\source\repos\militarysystem\militarysystem\x64\debug\officer.obj
c:\users\dolev telem\source\repos\militarysystem\militarysystem\x64\debug\mission.obj
c:\users\dolev telem\source\repos\militarysystem\militarysystem\x64\debug\militarysystem.obj
c:\users\dolev telem\source\repos\militarysystem\militarysystem\x64\debug\main.obj
c:\users\dolev telem\source\repos\militarysystem\militarysystem\x64\debug\logisticsmission.obj
c:\users\dolev telem\source\repos\militarysystem\militarysystem\x64\debug\jeep.obj
c:\users\dolev telem\source\repos\militarysystem\militarysystem\x64\debug\equipment.obj
c:\users\dolev telem\source\repos\militarysystem\militarysystem\x64\debug\date.obj
c:\users\dolev telem\source\repos\militarysystem\militarysystem\x64\debug\basefacility.obj
c:\users\dolev telem\source\repos\militarysystem\militarysystem\x64\debug\armoredtransport.obj
c:\users\dolev telem\source\repos\militarysystem\militarysystem\x64\debug\vc143.pdb
c:\users\dolev telem\source\repos\militarysystem\militarysystem\x64\debug\vc143.idb
c:\users\dolev telem\source\repos\militarysystem\x64\debug\militarysystem.exe
c:\users\dolev telem\source\repos\militarysystem\x64\debug\militarysystem.pdb
c:\users\dolev telem\source\repos\militarysystem\militarysystem\x64\debug\militarysystem.ilk
c:\users\dolev telem\source\repos\militarysystem\militarysystem\x64\debug\militarysystem.tlog\cl.command.1.tlog
c:\users\dolev telem\source\repos\militarysystem\militarysystem\x64\debug\militarysystem.tlog\cl.items.tlog
c:\users\dolev telem\source\repos\militarysystem\militarysystem\x64\debug\militarysystem.tlog\cl.read.1.tlog
c:\users\dolev telem\source\repos\militarysystem\militarysystem\x64\debug\militarysystem.tlog\cl.write.1.tlog
c:\users\dolev telem\source\repos\militarysystem\militarysystem\x64\debug\militarysystem.tlog\link.command.1.tlog
c:\users\dolev telem\source\repos\militarysystem\militarysystem\x64\debug\militarysystem.tlog\link.read.1.tlog
c:\users\dolev telem\source\repos\militarysystem\militarysystem\x64\debug\militarysystem.tlog\link.secondary.1.tlog
c:\users\dolev telem\source\repos\militarysystem\militarysystem\x64\debug\militarysystem.tlog\link.write.1.tlog
